<?xml version="1.0" encoding="UTF-8"?>
<!-- Generated by org.testng.reporters.JUnitReportReporter -->
<testsuite skipped="0" hostname="LAPTOP-SR113PBD" name="com.justdial.testcases.FitnessTestCases" tests="4" failures="0" timestamp="2021-07-02T20:29:21 IST" time="9.239" errors="0">
  <testcase name="fitness" time="7.331" classname="com.justdial.testcases.FitnessTestCases"/>
  <system-out/>
  <testcase name="fitnessMenu" time="0.057" classname="com.justdial.testcases.FitnessTestCases"/>
  <system-out/>
  <testcase name="gym" time="1.783" classname="com.justdial.testcases.FitnessTestCases"/>
  <system-out/>
  <testcase name="gymMenu" time="0.068" classname="com.justdial.testcases.FitnessTestCases"/>
  <system-out/>
</testsuite> <!-- com.justdial.testcases.FitnessTestCases -->
