<?xml version="1.0" encoding="UTF-8"?>
<!-- Generated by org.testng.reporters.JUnitReportReporter -->
<testsuite skipped="0" hostname="LAPTOP-SR113PBD" name="com.justdial.testcases.HomepageTestCases" tests="10" failures="0" timestamp="2021-07-02T20:29:21 IST" time="24.857" errors="0">
  <testcase name="websiteTest" time="0.417" classname="com.justdial.testcases.HomepageTestCases"/>
  <system-out/>
  <testcase name="elementsTest" time="0.141" classname="com.justdial.testcases.HomepageTestCases"/>
  <system-out/>
  <testcase name="loginPageTest" time="0.932" classname="com.justdial.testcases.HomepageTestCases"/>
  <system-out/>
  <testcase name="locationTest" time="2.978" classname="com.justdial.testcases.HomepageTestCases"/>
  <system-out/>
  <testcase name="searchingTest" time="3.274" classname="com.justdial.testcases.HomepageTestCases"/>
  <system-out/>
  <testcase name="resultPageTest" time="0.394" classname="com.justdial.testcases.HomepageTestCases"/>
  <system-out/>
  <testcase name="bestdealsTest" time="0.850" classname="com.justdial.testcases.HomepageTestCases"/>
  <system-out/>
  <testcase name="ratingCheck" time="0.111" classname="com.justdial.testcases.HomepageTestCases"/>
  <system-out/>
  <testcase name="printData" time="8.955" classname="com.justdial.testcases.HomepageTestCases"/>
  <system-out/>
  <testcase name="dataFromMenubar" time="6.805" classname="com.justdial.testcases.HomepageTestCases"/>
  <system-out/>
</testsuite> <!-- com.justdial.testcases.HomepageTestCases -->
