<?xml version="1.0" encoding="UTF-8"?>
<!-- Generated by org.testng.reporters.JUnitReportReporter -->
<testsuite skipped="0" hostname="LAPTOP-SR113PBD" name="com.justdial.testcases.FreelistingTestCases" tests="6" failures="0" timestamp="2021-07-02T20:29:21 IST" time="10.635" errors="0">
  <testcase name="launch" time="2.965" classname="com.justdial.testcases.FreelistingTestCases"/>
  <system-out/>
  <testcase name="allNullValues" time="0.682" classname="com.justdial.testcases.FreelistingTestCases"/>
  <system-out/>
  <testcase name="companyNullValue" time="0.957" classname="com.justdial.testcases.FreelistingTestCases"/>
  <system-out/>
  <testcase name="mobileNullValue" time="1.766" classname="com.justdial.testcases.FreelistingTestCases"/>
  <system-out/>
  <testcase name="cityNullvalue" time="1.666" classname="com.justdial.testcases.FreelistingTestCases"/>
  <system-out/>
  <testcase name="validDataTest" time="2.599" classname="com.justdial.testcases.FreelistingTestCases"/>
  <system-out/>
</testsuite> <!-- com.justdial.testcases.FreelistingTestCases -->
